[0.018s] Invoking command in '/home/pc/Telroa_ws/src/telroa_hardware_pkg/dynamixel_sdk/build/dynamixel_sdk': CMAKE_PREFIX_PATH=${CMAKE_PREFIX_PATH}:/opt/ros/humble /usr/bin/cmake /home/pc/Telroa_ws/src/telroa_hardware_pkg/dynamixel_sdk -DCMAKE_INSTALL_PREFIX=/home/pc/Telroa_ws/src/telroa_hardware_pkg/dynamixel_sdk/install/dynamixel_sdk
[0.190s] -- The C compiler identification is GNU 11.4.0
[0.352s] -- The CXX compiler identification is GNU 11.4.0
[0.373s] -- Detecting C compiler ABI info
[0.552s] -- Detecting C compiler ABI info - done
[0.573s] -- Check for working C compiler: /usr/bin/cc - skipped
[0.573s] -- Detecting C compile features
[0.575s] -- Detecting C compile features - done
[0.581s] -- Detecting CXX compiler ABI info
[0.768s] -- Detecting CXX compiler ABI info - done
[0.783s] -- Check for working CXX compiler: /usr/bin/c++ - skipped
[0.783s] -- Detecting CXX compile features
[0.784s] -- Detecting CXX compile features - done
[0.792s] -- Found ament_cmake: 1.3.10 (/opt/ros/humble/share/ament_cmake/cmake)
[1.119s] -- Found Python3: /usr/bin/python3 (found version "3.10.12") found components: Interpreter 
[1.433s] -- Configuring done
[1.443s] -- Generating done
[1.444s] -- Build files have been written to: /home/pc/Telroa_ws/src/telroa_hardware_pkg/dynamixel_sdk/build/dynamixel_sdk
[1.452s] Invoked command in '/home/pc/Telroa_ws/src/telroa_hardware_pkg/dynamixel_sdk/build/dynamixel_sdk' returned '0': CMAKE_PREFIX_PATH=${CMAKE_PREFIX_PATH}:/opt/ros/humble /usr/bin/cmake /home/pc/Telroa_ws/src/telroa_hardware_pkg/dynamixel_sdk -DCMAKE_INSTALL_PREFIX=/home/pc/Telroa_ws/src/telroa_hardware_pkg/dynamixel_sdk/install/dynamixel_sdk
[1.459s] Invoking command in '/home/pc/Telroa_ws/src/telroa_hardware_pkg/dynamixel_sdk/build/dynamixel_sdk': CMAKE_PREFIX_PATH=${CMAKE_PREFIX_PATH}:/opt/ros/humble /usr/bin/cmake --build /home/pc/Telroa_ws/src/telroa_hardware_pkg/dynamixel_sdk/build/dynamixel_sdk -- -j12 -l12
[1.575s] [ 10%] [32mBuilding CXX object CMakeFiles/dynamixel_sdk.dir/src/dynamixel_sdk/group_sync_write.cpp.o[0m
[1.577s] [ 20%] [32mBuilding CXX object CMakeFiles/dynamixel_sdk.dir/src/dynamixel_sdk/port_handler.cpp.o[0m
[1.580s] [ 50%] [32mBuilding CXX object CMakeFiles/dynamixel_sdk.dir/src/dynamixel_sdk/protocol2_packet_handler.cpp.o[0m
[1.581s] [ 50%] [32mBuilding CXX object CMakeFiles/dynamixel_sdk.dir/src/dynamixel_sdk/protocol1_packet_handler.cpp.o[0m
[1.581s] [ 60%] [32mBuilding CXX object CMakeFiles/dynamixel_sdk.dir/src/dynamixel_sdk/group_sync_read.cpp.o[0m
[1.583s] [ 60%] [32mBuilding CXX object CMakeFiles/dynamixel_sdk.dir/src/dynamixel_sdk/packet_handler.cpp.o[0m
[1.584s] [ 80%] [32mBuilding CXX object CMakeFiles/dynamixel_sdk.dir/src/dynamixel_sdk/group_bulk_write.cpp.o[0m
[1.584s] [ 80%] [32mBuilding CXX object CMakeFiles/dynamixel_sdk.dir/src/dynamixel_sdk/group_bulk_read.cpp.o[0m
[1.585s] [ 90%] [32mBuilding CXX object CMakeFiles/dynamixel_sdk.dir/src/dynamixel_sdk/port_handler_linux.cpp.o[0m
[2.932s] [100%] [32m[1mLinking CXX shared library libdynamixel_sdk.so[0m
[3.108s] [100%] Built target dynamixel_sdk
[3.130s] Invoked command in '/home/pc/Telroa_ws/src/telroa_hardware_pkg/dynamixel_sdk/build/dynamixel_sdk' returned '0': CMAKE_PREFIX_PATH=${CMAKE_PREFIX_PATH}:/opt/ros/humble /usr/bin/cmake --build /home/pc/Telroa_ws/src/telroa_hardware_pkg/dynamixel_sdk/build/dynamixel_sdk -- -j12 -l12
[3.281s] Invoking command in '/home/pc/Telroa_ws/src/telroa_hardware_pkg/dynamixel_sdk/build/dynamixel_sdk': CMAKE_PREFIX_PATH=${CMAKE_PREFIX_PATH}:/opt/ros/humble /usr/bin/cmake --install /home/pc/Telroa_ws/src/telroa_hardware_pkg/dynamixel_sdk/build/dynamixel_sdk
[3.299s] -- Install configuration: ""
[3.299s] -- Installing: /home/pc/Telroa_ws/src/telroa_hardware_pkg/dynamixel_sdk/install/dynamixel_sdk/include/
[3.300s] -- Installing: /home/pc/Telroa_ws/src/telroa_hardware_pkg/dynamixel_sdk/install/dynamixel_sdk/include//dynamixel_sdk
[3.300s] -- Installing: /home/pc/Telroa_ws/src/telroa_hardware_pkg/dynamixel_sdk/install/dynamixel_sdk/include//dynamixel_sdk/dynamixel_sdk.h
[3.301s] -- Installing: /home/pc/Telroa_ws/src/telroa_hardware_pkg/dynamixel_sdk/install/dynamixel_sdk/include//dynamixel_sdk/packet_handler.h
[3.301s] -- Installing: /home/pc/Telroa_ws/src/telroa_hardware_pkg/dynamixel_sdk/install/dynamixel_sdk/include//dynamixel_sdk/protocol2_packet_handler.h
[3.301s] -- Installing: /home/pc/Telroa_ws/src/telroa_hardware_pkg/dynamixel_sdk/install/dynamixel_sdk/include//dynamixel_sdk/group_bulk_write.h
[3.301s] -- Installing: /home/pc/Telroa_ws/src/telroa_hardware_pkg/dynamixel_sdk/install/dynamixel_sdk/include//dynamixel_sdk/group_sync_read.h
[3.302s] -- Installing: /home/pc/Telroa_ws/src/telroa_hardware_pkg/dynamixel_sdk/install/dynamixel_sdk/include//dynamixel_sdk/protocol1_packet_handler.h
[3.302s] -- Installing: /home/pc/Telroa_ws/src/telroa_hardware_pkg/dynamixel_sdk/install/dynamixel_sdk/include//dynamixel_sdk/port_handler_mac.h
[3.302s] -- Installing: /home/pc/Telroa_ws/src/telroa_hardware_pkg/dynamixel_sdk/install/dynamixel_sdk/include//dynamixel_sdk/port_handler_linux.h
[3.303s] -- Installing: /home/pc/Telroa_ws/src/telroa_hardware_pkg/dynamixel_sdk/install/dynamixel_sdk/include//dynamixel_sdk/group_sync_write.h
[3.303s] -- Installing: /home/pc/Telroa_ws/src/telroa_hardware_pkg/dynamixel_sdk/install/dynamixel_sdk/include//dynamixel_sdk/port_handler_windows.h
[3.303s] -- Installing: /home/pc/Telroa_ws/src/telroa_hardware_pkg/dynamixel_sdk/install/dynamixel_sdk/include//dynamixel_sdk/group_bulk_read.h
[3.303s] -- Installing: /home/pc/Telroa_ws/src/telroa_hardware_pkg/dynamixel_sdk/install/dynamixel_sdk/include//dynamixel_sdk/port_handler.h
[3.304s] -- Installing: /home/pc/Telroa_ws/src/telroa_hardware_pkg/dynamixel_sdk/install/dynamixel_sdk/include//dynamixel_sdk/port_handler_arduino.h
[3.304s] -- Installing: /home/pc/Telroa_ws/src/telroa_hardware_pkg/dynamixel_sdk/install/dynamixel_sdk/lib/libdynamixel_sdk.so
[3.304s] -- Installing: /home/pc/Telroa_ws/src/telroa_hardware_pkg/dynamixel_sdk/install/dynamixel_sdk/share/dynamixel_sdk/environment/library_path.sh
[3.304s] -- Installing: /home/pc/Telroa_ws/src/telroa_hardware_pkg/dynamixel_sdk/install/dynamixel_sdk/share/dynamixel_sdk/environment/library_path.dsv
[3.305s] -- Installing: /home/pc/Telroa_ws/src/telroa_hardware_pkg/dynamixel_sdk/install/dynamixel_sdk/share/ament_index/resource_index/package_run_dependencies/dynamixel_sdk
[3.305s] -- Installing: /home/pc/Telroa_ws/src/telroa_hardware_pkg/dynamixel_sdk/install/dynamixel_sdk/share/ament_index/resource_index/parent_prefix_path/dynamixel_sdk
[3.305s] -- Installing: /home/pc/Telroa_ws/src/telroa_hardware_pkg/dynamixel_sdk/install/dynamixel_sdk/share/dynamixel_sdk/environment/ament_prefix_path.sh
[3.305s] -- Installing: /home/pc/Telroa_ws/src/telroa_hardware_pkg/dynamixel_sdk/install/dynamixel_sdk/share/dynamixel_sdk/environment/ament_prefix_path.dsv
[3.306s] -- Installing: /home/pc/Telroa_ws/src/telroa_hardware_pkg/dynamixel_sdk/install/dynamixel_sdk/share/dynamixel_sdk/environment/path.sh
[3.306s] -- Installing: /home/pc/Telroa_ws/src/telroa_hardware_pkg/dynamixel_sdk/install/dynamixel_sdk/share/dynamixel_sdk/environment/path.dsv
[3.306s] -- Installing: /home/pc/Telroa_ws/src/telroa_hardware_pkg/dynamixel_sdk/install/dynamixel_sdk/share/dynamixel_sdk/local_setup.bash
[3.306s] -- Installing: /home/pc/Telroa_ws/src/telroa_hardware_pkg/dynamixel_sdk/install/dynamixel_sdk/share/dynamixel_sdk/local_setup.sh
[3.306s] -- Installing: /home/pc/Telroa_ws/src/telroa_hardware_pkg/dynamixel_sdk/install/dynamixel_sdk/share/dynamixel_sdk/local_setup.zsh
[3.307s] -- Installing: /home/pc/Telroa_ws/src/telroa_hardware_pkg/dynamixel_sdk/install/dynamixel_sdk/share/dynamixel_sdk/local_setup.dsv
[3.307s] -- Installing: /home/pc/Telroa_ws/src/telroa_hardware_pkg/dynamixel_sdk/install/dynamixel_sdk/share/dynamixel_sdk/package.dsv
[3.307s] -- Installing: /home/pc/Telroa_ws/src/telroa_hardware_pkg/dynamixel_sdk/install/dynamixel_sdk/share/ament_index/resource_index/packages/dynamixel_sdk
[3.307s] -- Installing: /home/pc/Telroa_ws/src/telroa_hardware_pkg/dynamixel_sdk/install/dynamixel_sdk/share/dynamixel_sdk/cmake/ament_cmake_export_include_directories-extras.cmake
[3.308s] -- Installing: /home/pc/Telroa_ws/src/telroa_hardware_pkg/dynamixel_sdk/install/dynamixel_sdk/share/dynamixel_sdk/cmake/ament_cmake_export_libraries-extras.cmake
[3.308s] -- Installing: /home/pc/Telroa_ws/src/telroa_hardware_pkg/dynamixel_sdk/install/dynamixel_sdk/share/dynamixel_sdk/cmake/dynamixel_sdkConfig.cmake
[3.308s] -- Installing: /home/pc/Telroa_ws/src/telroa_hardware_pkg/dynamixel_sdk/install/dynamixel_sdk/share/dynamixel_sdk/cmake/dynamixel_sdkConfig-version.cmake
[3.308s] -- Installing: /home/pc/Telroa_ws/src/telroa_hardware_pkg/dynamixel_sdk/install/dynamixel_sdk/share/dynamixel_sdk/package.xml
[3.310s] Invoked command in '/home/pc/Telroa_ws/src/telroa_hardware_pkg/dynamixel_sdk/build/dynamixel_sdk' returned '0': CMAKE_PREFIX_PATH=${CMAKE_PREFIX_PATH}:/opt/ros/humble /usr/bin/cmake --install /home/pc/Telroa_ws/src/telroa_hardware_pkg/dynamixel_sdk/build/dynamixel_sdk
